<?xml version="1.0" encoding="UTF-8"?>
<!-- Generated by org.testng.reporters.JUnitXMLReporter -->
<testsuite hostname="Prabha" name="Test" tests="1" failures="1" timestamp="24 Dec 2020 16:01:34 GMT" time="258.554" errors="0">
  <testcase name="Carnegative" time="245.646" classname="Salesrefundcar.Carnegative">
    <failure type="atu.testng.reports.exceptions.ATUReporterStepFailedException">
      <![CDATA[[ATU Custom Reporter Step Failed Exception]
	at atu.testng.reports.ATUReports.stepFailureHandler(Unknown Source)
	at atu.testng.reports.ATUReports.add(Unknown Source)
	at travlogix.Wrappermethods.Listnegativescearios(Wrappermethods.java:4968)
	at Salesrefundcar.Carnegative.Carnegative(Carnegative.java:377)
... Removed 23 stack frames]]>
    </failure>
  </testcase> <!-- Carnegative -->
</testsuite> <!-- Test -->
