<?xml version="1.0" encoding="UTF-8"?>
<testng-results skipped="0" failed="0" ignored="0" total="1" passed="1">
  <reporter-output>
    <line>
      <![CDATA[STEP1]]>
    </line>
    <line>
      <![CDATA[STEP2]]>
    </line>
    <line>
      <![CDATA[STEP3]]>
    </line>
    <line>
      <![CDATA[STEP4]]>
    </line>
    <line>
      <![CDATA[STEP5]]>
    </line>
    <line>
      <![CDATA[STEP6]]>
    </line>
    <line>
      <![CDATA[STEP7]]>
    </line>
    <line>
      <![CDATA[STEP8]]>
    </line>
    <line>
      <![CDATA[STEP9]]>
    </line>
    <line>
      <![CDATA[STEP10]]>
    </line>
    <line>
      <![CDATA[STEP11]]>
    </line>
    <line>
      <![CDATA[STEP12]]>
    </line>
    <line>
      <![CDATA[STEP13]]>
    </line>
    <line>
      <![CDATA[STEP14]]>
    </line>
    <line>
      <![CDATA[STEP15]]>
    </line>
    <line>
      <![CDATA[STEP16]]>
    </line>
    <line>
      <![CDATA[STEP17]]>
    </line>
    <line>
      <![CDATA[STEP18]]>
    </line>
    <line>
      <![CDATA[STEP19]]>
    </line>
    <line>
      <![CDATA[STEP20]]>
    </line>
    <line>
      <![CDATA[STEP21]]>
    </line>
    <line>
      <![CDATA[STEP22]]>
    </line>
  </reporter-output>
  <suite name="Default suite" duration-ms="192348" started-at="2020-11-07T19:09:13Z" finished-at="2020-11-07T19:12:25Z">
    <groups>
    </groups>
    <test name="Default test" duration-ms="192348" started-at="2020-11-07T19:09:13Z" finished-at="2020-11-07T19:12:25Z">
      <class name="SalesRefundPositivecases.Misccash">
        <test-method status="PASS" signature="instantiation()[pri:0, instance:SalesRefundPositivecases.Misccash@15530b9]" name="instantiation" is-config="true" duration-ms="224" started-at="2020-11-08T00:39:13Z" finished-at="2020-11-08T00:39:13Z">
          <reporter-output>
          </reporter-output>
        </test-method> <!-- instantiation -->
        <test-method status="PASS" signature="browesrnstatiation()[pri:0, instance:SalesRefundPositivecases.Misccash@15530b9]" name="browesrnstatiation" is-config="true" duration-ms="14028" started-at="2020-11-08T00:39:15Z" finished-at="2020-11-08T00:39:29Z">
          <reporter-output>
            <line>
              <![CDATA[STEP1]]>
            </line>
          </reporter-output>
        </test-method> <!-- browesrnstatiation -->
        <test-method status="PASS" signature="logincheckK(java.lang.String, java.lang.String, java.lang.String, java.lang.String, java.lang.String, java.lang.String, java.lang.String, java.lang.String, java.lang.String, java.lang.String, java.lang.String, java.lang.String, java.lang.String, java.lang.String, java.lang.String, java.lang.String, java.lang.String, java.lang.String, java.lang.String, java.lang.String, java.lang.String, java.lang.String, java.lang.String, java.lang.String, java.lang.String, java.lang.String, java.lang.String, java.lang.String, java.lang.String)[pri:0, instance:SalesRefundPositivecases.Misccash@15530b9]" name="logincheckK" duration-ms="174878" started-at="2020-11-08T00:39:29Z" data-provider="dp" finished-at="2020-11-08T00:42:24Z">
          <params>
            <param index="0">
              <value>
                <![CDATA[CU101]]>
              </value>
            </param>
            <param index="1">
              <value>
                <![CDATA[P@ssw0rd]]>
              </value>
            </param>
            <param index="2">
              <value>
                <![CDATA[Sales / Refund]]>
              </value>
            </param>
            <param index="3">
              <value>
                <![CDATA[28]]>
              </value>
            </param>
            <param index="4">
              <value>
                <![CDATA[NOV]]>
              </value>
            </param>
            <param index="5">
              <value>
                <![CDATA[2020]]>
              </value>
            </param>
            <param index="6">
              <value>
                <![CDATA[OUTBOUND DOCKET]]>
              </value>
            </param>
            <param index="7">
              <value>
                <![CDATA[0]]>
              </value>
            </param>
            <param index="8">
              <value>
                <![CDATA[AEBR01]]>
              </value>
            </param>
            <param index="9">
              <value>
                <![CDATA[0]]>
              </value>
            </param>
            <param index="10">
              <value>
                <![CDATA[AE - CRYSTAL TRADING - EXMPT]]>
              </value>
            </param>
            <param index="11">
              <value>
                <![CDATA[0]]>
              </value>
            </param>
            <param index="12">
              <value>
                <![CDATA[Misc Bookings]]>
              </value>
            </param>
            <param index="13">
              <value>
                <![CDATA[Misc Bookings]]>
              </value>
            </param>
            <param index="14">
              <value>
                <![CDATA[0]]>
              </value>
            </param>
            <param index="15">
              <value>
                <![CDATA[0]]>
              </value>
            </param>
            <param index="16">
              <value>
                <![CDATA[HOTEL]]>
              </value>
            </param>
            <param index="17">
              <value>
                <![CDATA[AE - BPS - Comp1]]>
              </value>
            </param>
            <param index="18">
              <value>
                <![CDATA[BU122 - Mr. Comp1 Branch 2 User 2]]>
              </value>
            </param>
            <param index="19">
              <value>
                <![CDATA[BU112 - Mr.Comp 1 Branch 1 User 2]]>
              </value>
            </param>
            <param index="20">
              <value>
                <![CDATA[Dubai]]>
              </value>
            </param>
            <param index="21">
              <value>
                <![CDATA[06]]>
              </value>
            </param>
            <param index="22">
              <value>
                <![CDATA[Nov]]>
              </value>
            </param>
            <param index="23">
              <value>
                <![CDATA[2020]]>
              </value>
            </param>
            <param index="24">
              <value>
                <![CDATA[9090909909]]>
              </value>
            </param>
            <param index="25">
              <value>
                <![CDATA[EDCVF]]>
              </value>
            </param>
            <param index="26">
              <value>
                <![CDATA[TESTT]]>
              </value>
            </param>
            <param index="27">
              <value>
                <![CDATA[Hotel]]>
              </value>
            </param>
            <param index="28">
              <value>
                <![CDATA[Hotel]]>
              </value>
            </param>
          </params>
          <reporter-output>
            <line>
              <![CDATA[STEP2]]>
            </line>
            <line>
              <![CDATA[STEP3]]>
            </line>
            <line>
              <![CDATA[STEP4]]>
            </line>
            <line>
              <![CDATA[STEP5]]>
            </line>
            <line>
              <![CDATA[STEP6]]>
            </line>
            <line>
              <![CDATA[STEP7]]>
            </line>
            <line>
              <![CDATA[STEP8]]>
            </line>
            <line>
              <![CDATA[STEP9]]>
            </line>
            <line>
              <![CDATA[STEP10]]>
            </line>
            <line>
              <![CDATA[STEP11]]>
            </line>
            <line>
              <![CDATA[STEP12]]>
            </line>
            <line>
              <![CDATA[STEP13]]>
            </line>
            <line>
              <![CDATA[STEP14]]>
            </line>
            <line>
              <![CDATA[STEP15]]>
            </line>
            <line>
              <![CDATA[STEP16]]>
            </line>
            <line>
              <![CDATA[STEP17]]>
            </line>
            <line>
              <![CDATA[STEP18]]>
            </line>
            <line>
              <![CDATA[STEP19]]>
            </line>
            <line>
              <![CDATA[STEP20]]>
            </line>
            <line>
              <![CDATA[STEP21]]>
            </line>
            <line>
              <![CDATA[STEP22]]>
            </line>
          </reporter-output>
        </test-method> <!-- logincheckK -->
        <test-method status="PASS" signature="close()[pri:0, instance:SalesRefundPositivecases.Misccash@15530b9]" name="close" is-config="true" duration-ms="620" started-at="2020-11-08T00:42:24Z" finished-at="2020-11-08T00:42:25Z">
          <reporter-output>
          </reporter-output>
        </test-method> <!-- close -->
      </class> <!-- SalesRefundPositivecases.Misccash -->
    </test> <!-- Default test -->
  </suite> <!-- Default suite -->
</testng-results>
