<?xml version="1.0" encoding="UTF-8"?>
<testng-results skipped="0" failed="0" ignored="0" total="1" passed="1">
  <reporter-output>
    <line>
      <![CDATA[STEP1]]>
    </line>
    <line>
      <![CDATA[STEP2]]>
    </line>
    <line>
      <![CDATA[STEP3]]>
    </line>
    <line>
      <![CDATA[STEP4]]>
    </line>
    <line>
      <![CDATA[STEP5]]>
    </line>
    <line>
      <![CDATA[STEP6]]>
    </line>
    <line>
      <![CDATA[STEP7]]>
    </line>
    <line>
      <![CDATA[STEP8]]>
    </line>
    <line>
      <![CDATA[STEP9]]>
    </line>
    <line>
      <![CDATA[STEP10]]>
    </line>
    <line>
      <![CDATA[STEP11]]>
    </line>
    <line>
      <![CDATA[STEP12]]>
    </line>
    <line>
      <![CDATA[STEP13]]>
    </line>
    <line>
      <![CDATA[STEP14]]>
    </line>
    <line>
      <![CDATA[STEP15]]>
    </line>
    <line>
      <![CDATA[STEP16]]>
    </line>
    <line>
      <![CDATA[STEP17]]>
    </line>
    <line>
      <![CDATA[STEP18]]>
    </line>
    <line>
      <![CDATA[STEP19]]>
    </line>
    <line>
      <![CDATA[STEP20]]>
    </line>
    <line>
      <![CDATA[STEP21]]>
    </line>
    <line>
      <![CDATA[STEP22]]>
    </line>
    <line>
      <![CDATA[STEP23]]>
    </line>
    <line>
      <![CDATA[STEP24]]>
    </line>
    <line>
      <![CDATA[STEP25]]>
    </line>
    <line>
      <![CDATA[STEP26]]>
    </line>
    <line>
      <![CDATA[STEP27]]>
    </line>
    <line>
      <![CDATA[STEP28]]>
    </line>
    <line>
      <![CDATA[STEP29]]>
    </line>
    <line>
      <![CDATA[STEP30]]>
    </line>
    <line>
      <![CDATA[STEP31]]>
    </line>
  </reporter-output>
  <suite name="Default suite" duration-ms="238999" started-at="2020-11-04T17:26:35Z" finished-at="2020-11-04T17:30:34Z">
    <groups>
    </groups>
    <test name="Default test" duration-ms="238999" started-at="2020-11-04T17:26:35Z" finished-at="2020-11-04T17:30:34Z">
      <class name="SalesRefundPositivecases.Hotelpositive">
        <test-method status="PASS" signature="instantiation()[pri:0, instance:SalesRefundPositivecases.Hotelpositive@15530b9]" name="instantiation" is-config="true" duration-ms="212" started-at="2020-11-04T22:56:35Z" finished-at="2020-11-04T22:56:35Z">
          <reporter-output>
          </reporter-output>
        </test-method> <!-- instantiation -->
        <test-method status="PASS" signature="browesrnstatiation()[pri:0, instance:SalesRefundPositivecases.Hotelpositive@15530b9]" name="browesrnstatiation" is-config="true" duration-ms="17777" started-at="2020-11-04T22:56:38Z" finished-at="2020-11-04T22:56:56Z">
          <reporter-output>
            <line>
              <![CDATA[STEP1]]>
            </line>
          </reporter-output>
        </test-method> <!-- browesrnstatiation -->
        <test-method status="PASS" signature="logincheckK(java.lang.String, java.lang.String, java.lang.String, java.lang.String, java.lang.String, java.lang.String, java.lang.String, java.lang.String, java.lang.String, java.lang.String, java.lang.String, java.lang.String, java.lang.String, java.lang.String, java.lang.String, java.lang.String, java.lang.String, java.lang.String, java.lang.String, java.lang.String, java.lang.String, java.lang.String, java.lang.String, java.lang.String, java.lang.String, java.lang.String, java.lang.String, java.lang.String, java.lang.String, java.lang.String, java.lang.String, java.lang.String, java.lang.String, java.lang.String, java.lang.String, java.lang.String, java.lang.String, java.lang.String, java.lang.String, java.lang.String, java.lang.String, java.lang.String, java.lang.String)[pri:0, instance:SalesRefundPositivecases.Hotelpositive@15530b9]" name="logincheckK" duration-ms="216213" started-at="2020-11-04T22:56:56Z" data-provider="dp" finished-at="2020-11-04T23:00:32Z">
          <params>
            <param index="0">
              <value>
                <![CDATA[CU101]]>
              </value>
            </param>
            <param index="1">
              <value>
                <![CDATA[P@ssw0rd]]>
              </value>
            </param>
            <param index="2">
              <value>
                <![CDATA[Sales / Refund]]>
              </value>
            </param>
            <param index="3">
              <value>
                <![CDATA[28]]>
              </value>
            </param>
            <param index="4">
              <value>
                <![CDATA[OCT]]>
              </value>
            </param>
            <param index="5">
              <value>
                <![CDATA[2020]]>
              </value>
            </param>
            <param index="6">
              <value>
                <![CDATA[OUTBOUND DOCKET]]>
              </value>
            </param>
            <param index="7">
              <value>
                <![CDATA[0]]>
              </value>
            </param>
            <param index="8">
              <value>
                <![CDATA[AEBR01]]>
              </value>
            </param>
            <param index="9">
              <value>
                <![CDATA[0]]>
              </value>
            </param>
            <param index="10">
              <value>
                <![CDATA[jordan]]>
              </value>
            </param>
            <param index="11">
              <value>
                <![CDATA[0]]>
              </value>
            </param>
            <param index="12">
              <value>
                <![CDATA[testt]]>
              </value>
            </param>
            <param index="13">
              <value>
                <![CDATA[testt]]>
              </value>
            </param>
            <param index="14">
              <value>
                <![CDATA[0]]>
              </value>
            </param>
            <param index="15">
              <value>
                <![CDATA[AE - BPS - Comp1]]>
              </value>
            </param>
            <param index="16">
              <value>
                <![CDATA[0]]>
              </value>
            </param>
            <param index="17">
              <value>
                <![CDATA[1]]>
              </value>
            </param>
            <param index="18">
              <value>
                <![CDATA[1]]>
              </value>
            </param>
            <param index="19">
              <value>
                <![CDATA[CU101 - Mr. Company 1 User 01]]>
              </value>
            </param>
            <param index="20">
              <value>
                <![CDATA[0]]>
              </value>
            </param>
            <param index="21">
              <value>
                <![CDATA[BRANCH - Ms. Comp 2 Branch  B]]>
              </value>
            </param>
            <param index="22">
              <value>
                <![CDATA[0]]>
              </value>
            </param>
            <param index="23">
              <value>
                <![CDATA[25]]>
              </value>
            </param>
            <param index="24">
              <value>
                <![CDATA[OCT]]>
              </value>
            </param>
            <param index="25">
              <value>
                <![CDATA[2020]]>
              </value>
            </param>
            <param index="26">
              <value>
                <![CDATA[Dubai]]>
              </value>
            </param>
            <param index="27">
              <value>
                <![CDATA[1 Hotel South Beach]]>
              </value>
            </param>
            <param index="28">
              <value>
                <![CDATA[M hotel chain]]>
              </value>
            </param>
            <param index="29">
              <value>
                <![CDATA[12HOT]]>
              </value>
            </param>
            <param index="30">
              <value>
                <![CDATA[single]]>
              </value>
            </param>
            <param index="31">
              <value>
                <![CDATA[Full Board]]>
              </value>
            </param>
            <param index="32">
              <value>
                <![CDATA[1]]>
              </value>
            </param>
            <param index="33">
              <value>
                <![CDATA[Nov]]>
              </value>
            </param>
            <param index="34">
              <value>
                <![CDATA[2020]]>
              </value>
            </param>
            <param index="35">
              <value>
                <![CDATA['4]]>
              </value>
            </param>
            <param index="36">
              <value>
                <![CDATA[Nov]]>
              </value>
            </param>
            <param index="37">
              <value>
                <![CDATA[2020]]>
              </value>
            </param>
            <param index="38">
              <value>
                <![CDATA[1]]>
              </value>
            </param>
            <param index="39">
              <value>
                <![CDATA[HGFLF]]>
              </value>
            </param>
            <param index="40">
              <value>
                <![CDATA[REDFG]]>
              </value>
            </param>
            <param index="41">
              <value>
                <![CDATA[Hotlbookings]]>
              </value>
            </param>
            <param index="42">
              <value>
                <![CDATA[0]]>
              </value>
            </param>
          </params>
          <reporter-output>
            <line>
              <![CDATA[STEP2]]>
            </line>
            <line>
              <![CDATA[STEP3]]>
            </line>
            <line>
              <![CDATA[STEP4]]>
            </line>
            <line>
              <![CDATA[STEP5]]>
            </line>
            <line>
              <![CDATA[STEP6]]>
            </line>
            <line>
              <![CDATA[STEP7]]>
            </line>
            <line>
              <![CDATA[STEP8]]>
            </line>
            <line>
              <![CDATA[STEP9]]>
            </line>
            <line>
              <![CDATA[STEP10]]>
            </line>
            <line>
              <![CDATA[STEP11]]>
            </line>
            <line>
              <![CDATA[STEP12]]>
            </line>
            <line>
              <![CDATA[STEP13]]>
            </line>
            <line>
              <![CDATA[STEP14]]>
            </line>
            <line>
              <![CDATA[STEP15]]>
            </line>
            <line>
              <![CDATA[STEP16]]>
            </line>
            <line>
              <![CDATA[STEP17]]>
            </line>
            <line>
              <![CDATA[STEP18]]>
            </line>
            <line>
              <![CDATA[STEP19]]>
            </line>
            <line>
              <![CDATA[STEP20]]>
            </line>
            <line>
              <![CDATA[STEP21]]>
            </line>
            <line>
              <![CDATA[STEP22]]>
            </line>
            <line>
              <![CDATA[STEP23]]>
            </line>
            <line>
              <![CDATA[STEP24]]>
            </line>
            <line>
              <![CDATA[STEP25]]>
            </line>
            <line>
              <![CDATA[STEP26]]>
            </line>
            <line>
              <![CDATA[STEP27]]>
            </line>
            <line>
              <![CDATA[STEP28]]>
            </line>
            <line>
              <![CDATA[STEP29]]>
            </line>
            <line>
              <![CDATA[STEP30]]>
            </line>
            <line>
              <![CDATA[STEP31]]>
            </line>
          </reporter-output>
        </test-method> <!-- logincheckK -->
        <test-method status="PASS" signature="close()[pri:0, instance:SalesRefundPositivecases.Hotelpositive@15530b9]" name="close" is-config="true" duration-ms="2246" started-at="2020-11-04T23:00:32Z" finished-at="2020-11-04T23:00:34Z">
          <reporter-output>
          </reporter-output>
        </test-method> <!-- close -->
      </class> <!-- SalesRefundPositivecases.Hotelpositive -->
    </test> <!-- Default test -->
  </suite> <!-- Default suite -->
</testng-results>
